
ROM used:   271/8192 (3%)
            271/8192 (3%) including unused fragments

            0.3 Average locations per line
            4.2 Average locations per statement

RAM used:   7/368 (2%) at main() level
            10/368 (3%) worst case

Stack used: 1 worst case (1 in main + 0 for interrupts)
Stack size: 8

Lines Stmts  %   Files
----- ----- ---  -----
  132    64 100  control_temp.c
   10     0   0  control_temp.h
  671     0   0  C:\Program Files (x86)\PICC\Devices\16F877A.h
----- -----
  813    64 Total

Page ROM  %  RAM   Vol Diff  Functions:
---- --- --- ---   --- ----  ----------
0     23   8    1             @delay_ms1
0    244  90    1  1943  8.1  main
 Inline         0             @cinit1

Program metrics:
    Functions               1
    Statements              64
    Comments                133
    Volume (V)              1948
    Difficulty (D)          8.0
    Effort to implement (E) 15588
    Time to implement (T)   14 minutes
    Est Delivered Bugs (B)  0
    Cyclomatic Complexity   6
    Maintainability (MI)    21

 Segment     Used  Free
-----------  ----  ----
00000-00003     4  0  
00004-007FF   267  1777  
00800-00FFF     0  2048  
01000-017FF     0  2048  
01800-01FFF     0  2048  



